Using pre-set license
Built from '2021.3/staging' branch; Version is '2021.3.5f1 (40eb3a945986) revision 4254522'; Using compiler version '192829333'; Build Type 'Release'
OS: 'Windows 11  (10.0.22000) 64bit CoreSingleLanguage' Language: 'en' Physical Memory: 8029 MB
BatchMode: 1, IsHumanControllingUs: 0, StartBugReporterOnCrash: 0, Is64bit: 1, IsPro: 1

COMMAND LINE ARGUMENTS:
C:\Program Files\Unity\Hub\Editor\2021.3.5f1\Editor\Unity.exe
-adb2
-batchMode
-noUpm
-name
AssetImportWorker4
-projectPath
C:/Users/Koushik Roy/Documents/GitHub/Mitambi Solutions/MitambiGameDev_koushik/Endless3D/Mitambi_Endless_3D
-logFile
Logs/AssetImportWorker4.log
-srvPort
52675
Successfully changed project path to: C:/Users/Koushik Roy/Documents/GitHub/Mitambi Solutions/MitambiGameDev_koushik/Endless3D/Mitambi_Endless_3D
C:/Users/Koushik Roy/Documents/GitHub/Mitambi Solutions/MitambiGameDev_koushik/Endless3D/Mitambi_Endless_3D
[UnityMemory] Configuration Parameters - Can be set up in boot.config
    "memorysetup-bucket-allocator-granularity=16"
    "memorysetup-bucket-allocator-bucket-count=8"
    "memorysetup-bucket-allocator-block-size=33554432"
    "memorysetup-bucket-allocator-block-count=8"
    "memorysetup-main-allocator-block-size=16777216"
    "memorysetup-thread-allocator-block-size=16777216"
    "memorysetup-gfx-main-allocator-block-size=16777216"
    "memorysetup-gfx-thread-allocator-block-size=16777216"
    "memorysetup-cache-allocator-block-size=4194304"
    "memorysetup-typetree-allocator-block-size=2097152"
    "memorysetup-profiler-bucket-allocator-granularity=16"
    "memorysetup-profiler-bucket-allocator-bucket-count=8"
    "memorysetup-profiler-bucket-allocator-block-size=33554432"
    "memorysetup-profiler-bucket-allocator-block-count=8"
    "memorysetup-profiler-allocator-block-size=16777216"
    "memorysetup-profiler-editor-allocator-block-size=1048576"
    "memorysetup-temp-allocator-size-main=16777216"
    "memorysetup-job-temp-allocator-block-size=2097152"
    "memorysetup-job-temp-allocator-block-size-background=1048576"
    "memorysetup-job-temp-allocator-reduction-small-platforms=262144"
    "memorysetup-temp-allocator-size-background-worker=32768"
    "memorysetup-temp-allocator-size-job-worker=262144"
    "memorysetup-temp-allocator-size-preload-manager=33554432"
    "memorysetup-temp-allocator-size-nav-mesh-worker=65536"
    "memorysetup-temp-allocator-size-audio-worker=65536"
    "memorysetup-temp-allocator-size-cloud-worker=32768"
    "memorysetup-temp-allocator-size-gi-baking-worker=262144"
    "memorysetup-temp-allocator-size-gfx=262144"
Refreshing native plugins compatible for Editor in 138.94 ms, found 3 plugins.
Preloading 0 native plugins for Editor in 0.00 ms.
Initialize engine version: 2021.3.5f1 (40eb3a945986)
[Subsystems] Discovering subsystems at path C:/Program Files/Unity/Hub/Editor/2021.3.5f1/Editor/Data/Resources/UnitySubsystems
[Subsystems] Discovering subsystems at path C:/Users/Koushik Roy/Documents/GitHub/Mitambi Solutions/MitambiGameDev_koushik/Endless3D/Mitambi_Endless_3D/Assets
GfxDevice: creating device client; threaded=0; jobified=0
Direct3D:
    Version:  Direct3D 11.0 [level 11.1]
    Renderer: NVIDIA GeForce GTX 1650 (ID=0x1f91)
    Vendor:   NVIDIA
    VRAM:     3962 MB
    Driver:   27.21.14.5730
Initialize mono
Mono path[0] = 'C:/Program Files/Unity/Hub/Editor/2021.3.5f1/Editor/Data/Managed'
Mono path[1] = 'C:/Program Files/Unity/Hub/Editor/2021.3.5f1/Editor/Data/MonoBleedingEdge/lib/mono/unityjit-win32'
Mono config path = 'C:/Program Files/Unity/Hub/Editor/2021.3.5f1/Editor/Data/MonoBleedingEdge/etc'
Using monoOptions --debugger-agent=transport=dt_socket,embedding=1,server=y,suspend=n,address=127.0.0.1:56512
Begin MonoManager ReloadAssembly
Registering precompiled unity dll's ...
Register platform support module: C:/Program Files/Unity/Hub/Editor/2021.3.5f1/Editor/Data/PlaybackEngines/AndroidPlayer/UnityEditor.Android.Extensions.dll
Register platform support module: C:/Program Files/Unity/Hub/Editor/2021.3.5f1/Editor/Data/PlaybackEngines/WindowsStandaloneSupport/UnityEditor.WindowsStandalone.Extensions.dll
Registered in 0.006263 seconds.
Native extension for WindowsStandalone target not found
Native extension for Android target not found
Refreshing native plugins compatible for Editor in 143.77 ms, found 3 plugins.
Preloading 0 native plugins for Editor in 0.00 ms.
Mono: successfully reloaded assembly
- Completed reload, in  0.871 seconds
Domain Reload Profiling:
	ReloadAssembly (872ms)
		BeginReloadAssembly (78ms)
			ExecutionOrderSort (0ms)
			DisableScriptedObjects (0ms)
			BackupInstance (0ms)
			ReleaseScriptingObjects (0ms)
			CreateAndSetChildDomain (1ms)
		EndReloadAssembly (658ms)
			LoadAssemblies (76ms)
			RebuildTransferFunctionScriptingTraits (0ms)
			SetupTypeCache (154ms)
			ReleaseScriptCaches (0ms)
			RebuildScriptCaches (31ms)
			SetupLoadedEditorAssemblies (410ms)
				LogAssemblyErrors (0ms)
				InitializePlatformSupportModulesInManaged (97ms)
				SetLoadedEditorAssemblies (0ms)
				RefreshPlugins (144ms)
				BeforeProcessingInitializeOnLoad (2ms)
				ProcessInitializeOnLoadAttributes (115ms)
				ProcessInitializeOnLoadMethodAttributes (52ms)
				AfterProcessingInitializeOnLoad (0ms)
				EditorAssembliesLoaded (0ms)
			ExecutionOrderSort2 (0ms)
			AwakeInstancesAfterBackupRestoration (0ms)
Platform modules already initialized, skipping
Registering precompiled user dll's ...
Registered in 0.008072 seconds.
Begin MonoManager ReloadAssembly
Symbol file LoadedFromMemory doesn't match image C:\Users\Koushik Roy\Documents\GitHub\Mitambi Solutions\MitambiGameDev_koushik\Endless3D\Mitambi_Endless_3D\Library\PackageCache\com.unity.visualscripting@1.7.8\Editor\VisualScripting.Core\Dependencies\YamlDotNet\Unity.VisualScripting.YamlDotNet.dll
Symbol file LoadedFromMemory doesn't match image C:\Users\Koushik Roy\Documents\GitHub\Mitambi Solutions\MitambiGameDev_koushik\Endless3D\Mitambi_Endless_3D\Library\PackageCache\com.unity.visualscripting@1.7.8\Editor\VisualScripting.Core\Dependencies\DotNetZip\Unity.VisualScripting.IonicZip.dll
Native extension for WindowsStandalone target not found
Native extension for Android target not found
Refreshing native plugins compatible for Editor in 206.58 ms, found 3 plugins.
Preloading 0 native plugins for Editor in 0.00 ms.
Mono: successfully reloaded assembly
- Completed reload, in  9.622 seconds
Domain Reload Profiling:
	ReloadAssembly (9623ms)
		BeginReloadAssembly (220ms)
			ExecutionOrderSort (0ms)
			DisableScriptedObjects (8ms)
			BackupInstance (0ms)
			ReleaseScriptingObjects (0ms)
			CreateAndSetChildDomain (126ms)
		EndReloadAssembly (9245ms)
			LoadAssemblies (3031ms)
			RebuildTransferFunctionScriptingTraits (0ms)
			SetupTypeCache (1806ms)
			ReleaseScriptCaches (1ms)
			RebuildScriptCaches (179ms)
			SetupLoadedEditorAssemblies (4092ms)
				LogAssemblyErrors (0ms)
				InitializePlatformSupportModulesInManaged (20ms)
				SetLoadedEditorAssemblies (0ms)
				RefreshPlugins (207ms)
				BeforeProcessingInitializeOnLoad (348ms)
				ProcessInitializeOnLoadAttributes (834ms)
				ProcessInitializeOnLoadMethodAttributes (2674ms)
				AfterProcessingInitializeOnLoad (9ms)
				EditorAssembliesLoaded (0ms)
			ExecutionOrderSort2 (0ms)
			AwakeInstancesAfterBackupRestoration (23ms)
Platform modules already initialized, skipping
========================================================================
Worker process is ready to serve import requests
Launched and connected shader compiler UnityShaderCompiler.exe after 0.25 seconds
Refreshing native plugins compatible for Editor in 5.11 ms, found 3 plugins.
Preloading 0 native plugins for Editor in 0.00 ms.
Unloading 5381 Unused Serialized files (Serialized files now loaded: 0)
Unloading 37 unused Assets / (424.2 KB). Loaded Objects now: 5838.
Memory consumption went from 213.0 MB to 212.6 MB.
Total: 28.859400 ms (FindLiveObjects: 10.679600 ms CreateObjectMapping: 1.071400 ms MarkObjects: 16.553100 ms  DeleteObjects: 0.547300 ms)

AssetImportParameters requested are different than current active one (requested -> active):
  custom:video-decoder-ogg-theora: a1e56fd34408186e4bbccfd4996cb3dc -> 
  custom:container-muxer-webm: aa71ff27fc2769a1b78a27578f13a17b -> 
  custom:container-demuxer-webm: 4f35f7cbe854078d1ac9338744f61a02 -> 
  custom:video-encoder-webm-vp8: eb34c28f22e8b96e1ab97ce403110664 -> 
  custom:audio-encoder-webm-vorbis: bf7c407c2cedff20999df2af8eb42d56 -> 
  custom:framework-win-MediaFoundation: 216162199b28c13a410421893ffa2e32 -> 
  custom:container-demuxer-ogg: 62fdf1f143b41e24485cea50d1cbac27 -> 
  custom:video-decoder-webm-vp8: 9c59270c3fd7afecdb556c50c9e8de78 -> 
  custom:audio-decoder-ogg-vorbis: bf7c407c2cedff20999df2af8eb42d56 -> 
========================================================================
Received Import Request.
  Time since last request: 98357.088479 seconds.
  path: Assets/Models/RoadWorksCone.fbx
  artifactKey: Guid(3e29795f5a3c18449a6afaf539e515fb) Importer(815301076,1909f56bfc062723c751e8b465ee728b)
Start importing Assets/Models/RoadWorksCone.fbx using Guid(3e29795f5a3c18449a6afaf539e515fb) Importer(815301076,1909f56bfc062723c751e8b465ee728b)  -> (artifact id: 'a48ffd17a72330d3a1460fcb9df44bd4') in 0.699437 seconds 
========================================================================
Received Import Request.
  Time since last request: 14.769510 seconds.
  path: Assets/Models/RoadWorksCone.fbx
  artifactKey: Guid(3e29795f5a3c18449a6afaf539e515fb) Importer(815301076,1909f56bfc062723c751e8b465ee728b)
Start importing Assets/Models/RoadWorksCone.fbx using Guid(3e29795f5a3c18449a6afaf539e515fb) Importer(815301076,1909f56bfc062723c751e8b465ee728b)  -> (artifact id: 'e29de25dd48defea845096e3a75c33c5') in 0.040987 seconds 
========================================================================
Received Import Request.
  Time since last request: 11.454393 seconds.
  path: Assets/_Prefabs/Player/Jamo.prefab
  artifactKey: Guid(728cff4fe1408184d9ef8e211f0f8eee) Importer(815301076,1909f56bfc062723c751e8b465ee728b)
Start importing Assets/_Prefabs/Player/Jamo.prefab using Guid(728cff4fe1408184d9ef8e211f0f8eee) Importer(815301076,1909f56bfc062723c751e8b465ee728b)  -> (artifact id: '9ca4d646e7faeeeabd3713aadfd72ce6') in 0.679531 seconds 
========================================================================
Received Import Request.
  Time since last request: 0.637941 seconds.
  path: Assets/_Prefabs/Grounds.prefab
  artifactKey: Guid(96b0fc1ef658ee04e90d4fff321464ff) Importer(815301076,1909f56bfc062723c751e8b465ee728b)
Start importing Assets/_Prefabs/Grounds.prefab using Guid(96b0fc1ef658ee04e90d4fff321464ff) Importer(815301076,1909f56bfc062723c751e8b465ee728b)  -> (artifact id: 'dad77b7206a32d2b3c73f3b3947f32b9') in 0.036603 seconds 
========================================================================
Received Prepare
Registering precompiled user dll's ...
Registered in 0.008261 seconds.
Begin MonoManager ReloadAssembly
Symbol file LoadedFromMemory doesn't match image C:\Users\Koushik Roy\Documents\GitHub\Mitambi Solutions\MitambiGameDev_koushik\Endless3D\Mitambi_Endless_3D\Library\PackageCache\com.unity.visualscripting@1.7.8\Editor\VisualScripting.Core\Dependencies\YamlDotNet\Unity.VisualScripting.YamlDotNet.dll
Symbol file LoadedFromMemory doesn't match image C:\Users\Koushik Roy\Documents\GitHub\Mitambi Solutions\MitambiGameDev_koushik\Endless3D\Mitambi_Endless_3D\Library\PackageCache\com.unity.visualscripting@1.7.8\Editor\VisualScripting.Core\Dependencies\DotNetZip\Unity.VisualScripting.IonicZip.dll
Native extension for WindowsStandalone target not found
Native extension for Android target not found
Refreshing native plugins compatible for Editor in 1.82 ms, found 3 plugins.
Preloading 0 native plugins for Editor in 0.00 ms.
Mono: successfully reloaded assembly
- Completed reload, in  2.170 seconds
Domain Reload Profiling:
	ReloadAssembly (2170ms)
		BeginReloadAssembly (256ms)
			ExecutionOrderSort (0ms)
			DisableScriptedObjects (11ms)
			BackupInstance (0ms)
			ReleaseScriptingObjects (0ms)
			CreateAndSetChildDomain (114ms)
		EndReloadAssembly (1720ms)
			LoadAssemblies (142ms)
			RebuildTransferFunctionScriptingTraits (0ms)
			SetupTypeCache (527ms)
			ReleaseScriptCaches (3ms)
			RebuildScriptCaches (74ms)
			SetupLoadedEditorAssemblies (737ms)
				LogAssemblyErrors (0ms)
				InitializePlatformSupportModulesInManaged (32ms)
				SetLoadedEditorAssemblies (1ms)
				RefreshPlugins (2ms)
				BeforeProcessingInitializeOnLoad (131ms)
				ProcessInitializeOnLoadAttributes (437ms)
				ProcessInitializeOnLoadMethodAttributes (126ms)
				AfterProcessingInitializeOnLoad (7ms)
				EditorAssembliesLoaded (0ms)
			ExecutionOrderSort2 (0ms)
			AwakeInstancesAfterBackupRestoration (38ms)
Platform modules already initialized, skipping
Refreshing native plugins compatible for Editor in 3.37 ms, found 3 plugins.
Preloading 0 native plugins for Editor in 0.00 ms.
Unloading 5250 Unused Serialized files (Serialized files now loaded: 0)
Unloading 29 unused Assets / (392.1 KB). Loaded Objects now: 5935.
Memory consumption went from 211.6 MB to 211.2 MB.
Total: 4.902200 ms (FindLiveObjects: 0.516000 ms CreateObjectMapping: 0.404800 ms MarkObjects: 3.681900 ms  DeleteObjects: 0.298400 ms)

AssetImportParameters requested are different than current active one (requested -> active):
  custom:video-decoder-ogg-theora: a1e56fd34408186e4bbccfd4996cb3dc -> 
  custom:container-muxer-webm: aa71ff27fc2769a1b78a27578f13a17b -> 
  custom:container-demuxer-webm: 4f35f7cbe854078d1ac9338744f61a02 -> 
  custom:video-encoder-webm-vp8: eb34c28f22e8b96e1ab97ce403110664 -> 
  custom:audio-encoder-webm-vorbis: bf7c407c2cedff20999df2af8eb42d56 -> 
  custom:framework-win-MediaFoundation: 216162199b28c13a410421893ffa2e32 -> 
  custom:container-demuxer-ogg: 62fdf1f143b41e24485cea50d1cbac27 -> 
  custom:video-decoder-webm-vp8: 9c59270c3fd7afecdb556c50c9e8de78 -> 
  custom:audio-decoder-ogg-vorbis: bf7c407c2cedff20999df2af8eb42d56 -> 
========================================================================
Received Import Request.
  Time since last request: 152.683939 seconds.
  path: Assets/_Prefabs/Cone.prefab
  artifactKey: Guid(8e42c7c196b3abd48b3e86c3f6611e0a) Importer(815301076,1909f56bfc062723c751e8b465ee728b)
Start importing Assets/_Prefabs/Cone.prefab using Guid(8e42c7c196b3abd48b3e86c3f6611e0a) Importer(815301076,1909f56bfc062723c751e8b465ee728b)  -> (artifact id: 'a2a89e87426259f3eb2156ebce8b08fc') in 0.247296 seconds 
========================================================================
Received Import Request.
  Time since last request: 8.187737 seconds.
  path: Assets/_Prefabs/Grounds.prefab
  artifactKey: Guid(96b0fc1ef658ee04e90d4fff321464ff) Importer(815301076,1909f56bfc062723c751e8b465ee728b)
Start importing Assets/_Prefabs/Grounds.prefab using Guid(96b0fc1ef658ee04e90d4fff321464ff) Importer(815301076,1909f56bfc062723c751e8b465ee728b)  -> (artifact id: 'f4a1150b030234c495a740f76c0f17f9') in 0.033581 seconds 
========================================================================
Received Prepare
Registering precompiled user dll's ...
Registered in 0.007207 seconds.
Begin MonoManager ReloadAssembly
Symbol file LoadedFromMemory doesn't match image C:\Users\Koushik Roy\Documents\GitHub\Mitambi Solutions\MitambiGameDev_koushik\Endless3D\Mitambi_Endless_3D\Library\PackageCache\com.unity.visualscripting@1.7.8\Editor\VisualScripting.Core\Dependencies\YamlDotNet\Unity.VisualScripting.YamlDotNet.dll
Symbol file LoadedFromMemory doesn't match image C:\Users\Koushik Roy\Documents\GitHub\Mitambi Solutions\MitambiGameDev_koushik\Endless3D\Mitambi_Endless_3D\Library\PackageCache\com.unity.visualscripting@1.7.8\Editor\VisualScripting.Core\Dependencies\DotNetZip\Unity.VisualScripting.IonicZip.dll
Native extension for WindowsStandalone target not found
Native extension for Android target not found
Refreshing native plugins compatible for Editor in 1.90 ms, found 3 plugins.
Preloading 0 native plugins for Editor in 0.00 ms.
Mono: successfully reloaded assembly
- Completed reload, in  1.751 seconds
Domain Reload Profiling:
	ReloadAssembly (1752ms)
		BeginReloadAssembly (154ms)
			ExecutionOrderSort (0ms)
			DisableScriptedObjects (9ms)
			BackupInstance (0ms)
			ReleaseScriptingObjects (0ms)
			CreateAndSetChildDomain (52ms)
		EndReloadAssembly (1483ms)
			LoadAssemblies (99ms)
			RebuildTransferFunctionScriptingTraits (0ms)
			SetupTypeCache (362ms)
			ReleaseScriptCaches (3ms)
			RebuildScriptCaches (91ms)
			SetupLoadedEditorAssemblies (709ms)
				LogAssemblyErrors (0ms)
				InitializePlatformSupportModulesInManaged (33ms)
				SetLoadedEditorAssemblies (1ms)
				RefreshPlugins (2ms)
				BeforeProcessingInitializeOnLoad (125ms)
				ProcessInitializeOnLoadAttributes (415ms)
				ProcessInitializeOnLoadMethodAttributes (123ms)
				AfterProcessingInitializeOnLoad (9ms)
				EditorAssembliesLoaded (1ms)
			ExecutionOrderSort2 (0ms)
			AwakeInstancesAfterBackupRestoration (45ms)
Platform modules already initialized, skipping
Refreshing native plugins compatible for Editor in 3.96 ms, found 3 plugins.
Preloading 0 native plugins for Editor in 0.00 ms.
Unloading 5250 Unused Serialized files (Serialized files now loaded: 0)
Unloading 29 unused Assets / (392.4 KB). Loaded Objects now: 5979.
Memory consumption went from 211.6 MB to 211.2 MB.
Total: 6.491000 ms (FindLiveObjects: 0.599400 ms CreateObjectMapping: 0.401700 ms MarkObjects: 4.905100 ms  DeleteObjects: 0.583400 ms)

AssetImportParameters requested are different than current active one (requested -> active):
  custom:video-decoder-ogg-theora: a1e56fd34408186e4bbccfd4996cb3dc -> 
  custom:container-muxer-webm: aa71ff27fc2769a1b78a27578f13a17b -> 
  custom:container-demuxer-webm: 4f35f7cbe854078d1ac9338744f61a02 -> 
  custom:video-encoder-webm-vp8: eb34c28f22e8b96e1ab97ce403110664 -> 
  custom:audio-encoder-webm-vorbis: bf7c407c2cedff20999df2af8eb42d56 -> 
  custom:framework-win-MediaFoundation: 216162199b28c13a410421893ffa2e32 -> 
  custom:container-demuxer-ogg: 62fdf1f143b41e24485cea50d1cbac27 -> 
  custom:video-decoder-webm-vp8: 9c59270c3fd7afecdb556c50c9e8de78 -> 
  custom:audio-decoder-ogg-vorbis: bf7c407c2cedff20999df2af8eb42d56 -> 
========================================================================
Received Import Request.
  Time since last request: 311.405075 seconds.
  path: Assets/Jammo-Character/Scenes/JammoScene/Lightmap-0_comp_dir.png
  artifactKey: Guid(1f459961796ed6d458fdfac6e2764b77) Importer(815301076,1909f56bfc062723c751e8b465ee728b)
Start importing Assets/Jammo-Character/Scenes/JammoScene/Lightmap-0_comp_dir.png using Guid(1f459961796ed6d458fdfac6e2764b77) Importer(815301076,1909f56bfc062723c751e8b465ee728b)  -> (artifact id: '5b1813526178e18fd1d50387ecca2455') in 0.116601 seconds 
========================================================================
Received Import Request.
  Time since last request: 0.000080 seconds.
  path: Assets/Jammo-Character/Scenes/JammoScene/Lightmap-1_comp_shadowmask.png
  artifactKey: Guid(e5520d6b2a099ee47b4e7550d2b31745) Importer(815301076,1909f56bfc062723c751e8b465ee728b)
Start importing Assets/Jammo-Character/Scenes/JammoScene/Lightmap-1_comp_shadowmask.png using Guid(e5520d6b2a099ee47b4e7550d2b31745) Importer(815301076,1909f56bfc062723c751e8b465ee728b)  -> (artifact id: 'f77085f19dd20978893f5b1ee683c13b') in 0.031294 seconds 
========================================================================
Received Import Request.
  Time since last request: 0.000054 seconds.
  path: Assets/Jammo-Character/Scenes/JammoScene/ReflectionProbe-1.exr
  artifactKey: Guid(908eff7a8be232f4da46692b950e2e72) Importer(815301076,1909f56bfc062723c751e8b465ee728b)
Start importing Assets/Jammo-Character/Scenes/JammoScene/ReflectionProbe-1.exr using Guid(908eff7a8be232f4da46692b950e2e72) Importer(815301076,1909f56bfc062723c751e8b465ee728b)  -> (artifact id: 'def2a0c755b4ba5b324f183219e20ef0') in 0.248742 seconds 
========================================================================
Received Import Request.
  Time since last request: 0.000034 seconds.
  path: Assets/Jammo-Character/Scenes/JammoScene/Lightmap-1_comp_dir.png
  artifactKey: Guid(c27f1f6fcc4d68c458375c9577b06998) Importer(815301076,1909f56bfc062723c751e8b465ee728b)
Start importing Assets/Jammo-Character/Scenes/JammoScene/Lightmap-1_comp_dir.png using Guid(c27f1f6fcc4d68c458375c9577b06998) Importer(815301076,1909f56bfc062723c751e8b465ee728b)  -> (artifact id: 'c38f6861a1eb29563d7e63bae4902594') in 0.038226 seconds 
========================================================================
Received Import Request.
  Time since last request: 0.000132 seconds.
  path: Assets/Jammo-Character/Scenes/JammoScene/Lightmap-1_comp_light.exr
  artifactKey: Guid(5d843664aea533c48b9546ed546bc088) Importer(815301076,1909f56bfc062723c751e8b465ee728b)
Start importing Assets/Jammo-Character/Scenes/JammoScene/Lightmap-1_comp_light.exr using Guid(5d843664aea533c48b9546ed546bc088) Importer(815301076,1909f56bfc062723c751e8b465ee728b)  -> (artifact id: 'a45de55ec5a24bbf9ef909015452209b') in 0.043832 seconds 
========================================================================
Received Import Request.
  Time since last request: 3.008450 seconds.
  path: Assets/Jammo-Character/Textures/jammo_eyes.png
  artifactKey: Guid(09beef63c41c25b458d2f95fdfd9e0e5) Importer(815301076,1909f56bfc062723c751e8b465ee728b)
Start importing Assets/Jammo-Character/Textures/jammo_eyes.png using Guid(09beef63c41c25b458d2f95fdfd9e0e5) Importer(815301076,1909f56bfc062723c751e8b465ee728b)  -> (artifact id: '8edba61d2a6bfab26fa8b86677dcb92c') in 0.035153 seconds 
========================================================================
Received Import Request.
  Time since last request: 0.000033 seconds.
  path: Assets/Jammo-Character/Textures/mixbot_low_mixamo_edit1_MetallicSmoothness.png
  artifactKey: Guid(3a5a871d579c2da4094f823d674595eb) Importer(815301076,1909f56bfc062723c751e8b465ee728b)
Start importing Assets/Jammo-Character/Textures/mixbot_low_mixamo_edit1_MetallicSmoothness.png using Guid(3a5a871d579c2da4094f823d674595eb) Importer(815301076,1909f56bfc062723c751e8b465ee728b)  -> (artifact id: 'd262fa1f5260d6ffa15c9c0284168000') in 0.090629 seconds 
========================================================================
Received Import Request.
  Time since last request: 0.000045 seconds.
  path: Assets/Jammo-Character/Textures/mixbot_low_mixamo_edit1_Normal.png
  artifactKey: Guid(f6c18262b3c0eba4bb830f3d91682a4f) Importer(815301076,1909f56bfc062723c751e8b465ee728b)
Start importing Assets/Jammo-Character/Textures/mixbot_low_mixamo_edit1_Normal.png using Guid(f6c18262b3c0eba4bb830f3d91682a4f) Importer(815301076,1909f56bfc062723c751e8b465ee728b)  -> (artifact id: '83d5034f667973ee658d416e38017232') in 0.078832 seconds 
========================================================================
Received Import Request.
  Time since last request: 3.050246 seconds.
  path: Assets/Jammo-Character/Textures/Alternates/t_jammo_black.psd
  artifactKey: Guid(c9fd4ccfc3404b04eae3cd87e40a8e2e) Importer(815301076,1909f56bfc062723c751e8b465ee728b)
Start importing Assets/Jammo-Character/Textures/Alternates/t_jammo_black.psd using Guid(c9fd4ccfc3404b04eae3cd87e40a8e2e) Importer(815301076,1909f56bfc062723c751e8b465ee728b)  -> (artifact id: 'd2aaae85539f40fd95c22676f0f7e89c') in 0.098600 seconds 
========================================================================
Received Import Request.
  Time since last request: 0.000028 seconds.
  path: Assets/Jammo-Character/Textures/Alternates/t_jammo_yellow.psd
  artifactKey: Guid(f61e83171850a834788a4664dbb54eae) Importer(815301076,1909f56bfc062723c751e8b465ee728b)
Start importing Assets/Jammo-Character/Textures/Alternates/t_jammo_yellow.psd using Guid(f61e83171850a834788a4664dbb54eae) Importer(815301076,1909f56bfc062723c751e8b465ee728b)  -> (artifact id: '78fdda087ef9d57a9d1d283249e78c75') in 0.085199 seconds 
